<?xml version="1.0" encoding="UTF-8"?>
<!-- Generated by org.testng.reporters.JUnitReportReporter -->
<testsuite hostname="DESKTOP-RD2NGH4" failures="0" tests="2" name="mavenproject.mavenjavaa.AppiumTest" time="0.012" errors="0" timestamp="2021-04-01T21:59:40 IST" skipped="0">
  <testcase classname="mavenproject.mavenjavaa.AppiumTest" name="IOSApp" time="0.010"/>
  <system-out/>
  <testcase classname="mavenproject.mavenjavaa.AppiumTest" name="nativeApp" time="0.002"/>
  <system-out/>
</testsuite> <!-- mavenproject.mavenjavaa.AppiumTest -->
