<?xml version="1.0" encoding="UTF-8"?>
<!-- Generated by org.testng.reporters.JUnitReportReporter -->
<testsuite hostname="DESKTOP-RD2NGH4" failures="0" tests="2" name="mavenproject.mavenjavaa.SeleniumTest" time="0.005" errors="0" timestamp="2021-04-01T21:59:40 IST" skipped="0">
  <testcase classname="mavenproject.mavenjavaa.SeleniumTest" name="browserAutomation" time="0.004"/>
  <system-out/>
  <testcase classname="mavenproject.mavenjavaa.SeleniumTest" name="elementsUI" time="0.001"/>
  <system-out/>
</testsuite> <!-- mavenproject.mavenjavaa.SeleniumTest -->
